<?xml version="1.0" encoding="UTF-8"?>
<!-- Generated by org.testng.reporters.JUnitReportReporter -->
<testsuite hostname="NJ-PC" name="NGCase.Annotate" tests="3" failures="0" timestamp="22 Nov 2015 03:29:22 GMT" time="53.772" errors="0">
  <testcase name="verifyLogin" time="23.489" classname="NGCase.Annotate"/>
  <testcase name="openUrl" time="6.908" classname="NGCase.Annotate"/>
  <testcase name="verifyLogin" time="23.375" classname="NGCase.Annotate"/>
</testsuite> <!-- NGCase.Annotate -->
