<?xml version="1.0" encoding="UTF-8"?>
<!-- Generated by org.testng.reporters.JUnitReportReporter -->
<testsuite hostname="NJ-PC" name="NGCase.NewTest" tests="1" failures="0" timestamp="9 Nov 2015 19:43:36 GMT" time="0.038" errors="0">
  <testcase name="abd" time="0.038" classname="NGCase.NewTest"/>
</testsuite> <!-- NGCase.NewTest -->
