<?xml version="1.0" encoding="UTF-8"?>
<!-- Generated by org.testng.reporters.JUnitReportReporter -->
<testsuite hostname="NJ-PC" name="TestNGSimpleTest" tests="1" failures="0" timestamp="10 Nov 2015 17:42:11 GMT" time="0.015" errors="0">
  <testcase name="addTest" time="0.015" classname="TestNGSimpleTest"/>
</testsuite> <!-- TestNGSimpleTest -->
